\BOOKMARK [1][-]{Abstract.1}{Abstract}{}% 1
\BOOKMARK [1][-]{Zusammenfassung.1}{Zusammenfassung}{}% 2
\BOOKMARK [1][-]{tableofcontents.1}{Contents}{}% 3
\BOOKMARK [1][-]{lof.1}{List of Figures}{}% 4
\BOOKMARK [1][-]{lot.1}{List of Tables}{}% 5
\BOOKMARK [1][-]{lol.1}{Listings}{}% 6
\BOOKMARK [1][-]{acronyms.1}{Acronyms}{}% 7
\BOOKMARK [0][]{chapter.1}{1 Introduction in the thesis}{}% 8
\BOOKMARK [1][-]{section.1.1}{1.1 What is the current situation without the tool/app}{chapter.1}% 9
\BOOKMARK [1][-]{section.1.2}{1.2 What would the system look like \(briefly\)}{chapter.1}% 10
\BOOKMARK [1][-]{section.1.3}{1.3 What would be better if the app would exit? Who would benefit?}{chapter.1}% 11
\BOOKMARK [1][-]{section.1.4}{1.4 Outline}{chapter.1}% 12
\BOOKMARK [0][]{chapter.2}{2 Technical and methodological background}{}% 13
\BOOKMARK [1][-]{section.2.1}{2.1 Agile Development - Scrum}{chapter.2}% 14
\BOOKMARK [1][-]{section.2.2}{2.2 Methods for cost estimation}{chapter.2}% 15
\BOOKMARK [2][-]{subsection.2.2.1}{2.2.1 Burn-down charts}{section.2.2}% 16
\BOOKMARK [2][-]{subsection.2.2.2}{2.2.2 Story points}{section.2.2}% 17
\BOOKMARK [1][-]{section.2.3}{2.3 DevOps}{chapter.2}% 18
\BOOKMARK [2][-]{subsection.2.3.1}{2.3.1 Continuous Delivery and Continuous deployment}{section.2.3}% 19
\BOOKMARK [1][-]{section.2.4}{2.4 Used Frameworks}{chapter.2}% 20
\BOOKMARK [2][-]{subsection.2.4.1}{2.4.1 Play Framework}{section.2.4}% 21
\BOOKMARK [2][-]{subsection.2.4.2}{2.4.2 MongoDB}{section.2.4}% 22
\BOOKMARK [2][-]{subsection.2.4.3}{2.4.3 AngularJS}{section.2.4}% 23
\BOOKMARK [2][-]{subsection.2.4.4}{2.4.4 Twitter Bootstrap}{section.2.4}% 24
\BOOKMARK [2][-]{subsection.2.4.5}{2.4.5 Junaio - Metaio}{section.2.4}% 25
\BOOKMARK [2][-]{subsection.2.4.6}{2.4.6 WebGL}{section.2.4}% 26
\BOOKMARK [1][-]{section.2.5}{2.5 Testing techniques and tools}{chapter.2}% 27
\BOOKMARK [2][-]{subsection.2.5.1}{2.5.1 TDD}{section.2.5}% 28
\BOOKMARK [2][-]{subsection.2.5.2}{2.5.2 Jasmine and Karma}{section.2.5}% 29
\BOOKMARK [1][-]{section.2.6}{2.6 Tooling}{chapter.2}% 30
\BOOKMARK [2][-]{subsection.2.6.1}{2.6.1 Git}{section.2.6}% 31
\BOOKMARK [2][-]{subsection.2.6.2}{2.6.2 Jira}{section.2.6}% 32
\BOOKMARK [2][-]{subsection.2.6.3}{2.6.3 IntelliJ IDEA}{section.2.6}% 33
\BOOKMARK [0][]{chapter.3}{3 Draft of the application}{}% 34
\BOOKMARK [1][-]{section.3.1}{3.1 Requirements engineering}{chapter.3}% 35
\BOOKMARK [1][-]{section.3.2}{3.2 Use Cases - User stories}{chapter.3}% 36
\BOOKMARK [1][-]{section.3.3}{3.3 Architecture of the application}{chapter.3}% 37
\BOOKMARK [1][-]{section.3.4}{3.4 Usage of the components}{chapter.3}% 38
\BOOKMARK [1][-]{section.3.5}{3.5 Backend \(Web-Server\)}{chapter.3}% 39
\BOOKMARK [2][-]{subsection.3.5.1}{3.5.1 Input data/content via CMS in the system}{section.3.5}% 40
\BOOKMARK [2][-]{subsection.3.5.2}{3.5.2 Manage content as a reviewer}{section.3.5}% 41
\BOOKMARK [2][-]{subsection.3.5.3}{3.5.3 Including a 3D-Tooling system for point-clouds \(WebGL\)}{section.3.5}% 42
\BOOKMARK [2][-]{subsection.3.5.4}{3.5.4 Cost estimation of the backend}{section.3.5}% 43
\BOOKMARK [1][-]{section.3.6}{3.6 Frontend \(App\)}{chapter.3}% 44
\BOOKMARK [2][-]{subsection.3.6.1}{3.6.1 Input data into the system \(scan objects and annotate them\)}{section.3.6}% 45
\BOOKMARK [2][-]{subsection.3.6.2}{3.6.2 Show close "interesting places" within a map}{section.3.6}% 46
\BOOKMARK [2][-]{subsection.3.6.3}{3.6.3 Navigation to "interesting places"}{section.3.6}% 47
\BOOKMARK [2][-]{subsection.3.6.4}{3.6.4 Fetching topics and PDF export}{section.3.6}% 48
\BOOKMARK [2][-]{subsection.3.6.5}{3.6.5 Rendering AR-data with Junaio}{section.3.6}% 49
\BOOKMARK [2][-]{subsection.3.6.6}{3.6.6 Cost estimation of the frontend}{section.3.6}% 50
\BOOKMARK [0][]{chapter.4}{4 Implementation details}{}% 51
\BOOKMARK [1][-]{section.4.1}{4.1 General overview of the system}{chapter.4}% 52
\BOOKMARK [1][-]{section.4.2}{4.2 Scala: Highlighting and annotation with AnnotatorJS}{chapter.4}% 53
\BOOKMARK [1][-]{section.4.3}{4.3 Scala: Picture upload and the creation of thumbnails}{chapter.4}% 54
\BOOKMARK [1][-]{section.4.4}{4.4 Important directives used in the system}{chapter.4}% 55
\BOOKMARK [2][-]{subsection.4.4.1}{4.4.1 A media gallery with the media-gallery directive}{section.4.4}% 56
\BOOKMARK [2][-]{subsection.4.4.2}{4.4.2 Template handling with the templates-box directive}{section.4.4}% 57
\BOOKMARK [1][-]{section.4.5}{4.5 AngularJS: Key/Value stores}{chapter.4}% 58
\BOOKMARK [2][-]{subsection.4.5.1}{4.5.1 Typing of stores}{section.4.5}% 59
\BOOKMARK [0][]{chapter.5}{5 Testing the application}{}% 60
\BOOKMARK [1][-]{section.5.1}{5.1 Test environment}{chapter.5}% 61
\BOOKMARK [1][-]{section.5.2}{5.2 Testing results}{chapter.5}% 62
\BOOKMARK [1][-]{section.5.3}{5.3 Acceptance test of the prototype}{chapter.5}% 63
\BOOKMARK [2][-]{subsection.5.3.1}{5.3.1 Small usablity study of the app}{section.5.3}% 64
\BOOKMARK [2][-]{subsection.5.3.2}{5.3.2 Small usability study of the backend / CMS}{section.5.3}% 65
\BOOKMARK [0][]{chapter.6}{6 Discussion and future work}{}% 66
\BOOKMARK [1][-]{section.6.1}{6.1 Handing of the project}{chapter.6}% 67
\BOOKMARK [1][-]{section.6.2}{6.2 Arisen problems within this thesis}{chapter.6}% 68
\BOOKMARK [2][-]{subsection.6.2.1}{6.2.1 The agile process}{section.6.2}% 69
\BOOKMARK [2][-]{subsection.6.2.2}{6.2.2 The development of the application}{section.6.2}% 70
\BOOKMARK [1][-]{section.6.3}{6.3 Discussion and future work}{chapter.6}% 71
\BOOKMARK [2][-]{subsection.6.3.1}{6.3.1 Results / Conclusion}{section.6.3}% 72
\BOOKMARK [2][-]{subsection.6.3.2}{6.3.2 Future work}{section.6.3}% 73
\BOOKMARK [0][]{appendix.A}{A Appendix}{}% 74
\BOOKMARK [1][-]{section.A.1}{A.1 Installation manual}{appendix.A}% 75
\BOOKMARK [1][-]{section.A.2}{A.2 Figures and tables}{appendix.A}% 76
\BOOKMARK [0][]{dummy.6}{Bibliography}{}% 77
\BOOKMARK [0][]{dummy.7}{Index}{}% 78
\BOOKMARK [0][]{dummy.8}{Publications}{}% 79
\BOOKMARK [0][]{dummy.8}{Statutory Declaration}{}% 80
